<?xml version="1.0" encoding="UTF-8"?>
<!-- Generated by org.testng.reporters.JUnitReportReporter -->
<testsuite hostname="mac.lan" name="com.UIAutomation.SeleniumTestProject.Test1" tests="2" failures="0" timestamp="3 Oct 2023 20:14:25 GMT" time="2.648" errors="0">
  <testcase name="enterTextIntoSearchBox" time="2.642" classname="com.UIAutomation.SeleniumTestProject.Test1"/>
  <testcase name="testTitle" time="0.006" classname="com.UIAutomation.SeleniumTestProject.Test1"/>
</testsuite> <!-- com.UIAutomation.SeleniumTestProject.Test1 -->
